<?xml version="1.0" encoding="UTF-8"?>
<!-- Generated by org.testng.reporters.JUnitReportReporter -->
<testsuite hostname="Admin-PC" name="com.example.tests.AlsoGroupCreationTests" tests="2" failures="0" timestamp="9 Oct 2015 18:35:12 GMT" time="4.578" errors="0">
  <testcase name="testEmptyGroupCreation" time="2.336" classname="com.example.tests.AlsoGroupCreationTests"/>
  <testcase name="testNonEmptyGroupCreation" time="2.242" classname="com.example.tests.AlsoGroupCreationTests"/>
</testsuite> <!-- com.example.tests.AlsoGroupCreationTests -->
