<?xml version="1.0" encoding="UTF-8"?>
<!-- Generated by org.testng.reporters.JUnitReportReporter -->
<testsuite hostname="Admin-PC" name="com.example.tests.EmptyContactCreation" tests="1" failures="0" timestamp="11 Oct 2015 14:09:39 GMT" time="2.196" errors="0">
  <testcase name="testEmptyContactCreation" time="2.196" classname="com.example.tests.EmptyContactCreation"/>
</testsuite> <!-- com.example.tests.EmptyContactCreation -->
