<?xml version="1.0" encoding="UTF-8"?>
<!-- Generated by org.testng.reporters.JUnitReportReporter -->
<testsuite hostname="Admin-PC" name="com.example.tests.NonEmptyContactCreation" tests="1" failures="0" timestamp="11 Oct 2015 14:09:39 GMT" time="4.022" errors="0">
  <testcase name="testNonEmptyContactCreation" time="4.022" classname="com.example.tests.NonEmptyContactCreation"/>
</testsuite> <!-- com.example.tests.NonEmptyContactCreation -->
