<?xml version="1.0" encoding="UTF-8"?>
<!-- Generated by org.testng.reporters.JUnitReportReporter -->
<testsuite hostname="Admin-PC" name="com.example.tests.NonEmptyGroupCreationTests" tests="1" failures="0" timestamp="11 Oct 2015 14:09:39 GMT" time="1.704" errors="0">
  <testcase name="testNonEmptyGroupCreation" time="1.704" classname="com.example.tests.NonEmptyGroupCreationTests"/>
</testsuite> <!-- com.example.tests.NonEmptyGroupCreationTests -->
