<?xml version="1.0" encoding="UTF-8"?>
<!-- Generated by org.testng.reporters.JUnitReportReporter -->
<testsuite hostname="Admin-PC" name="com.example.tests.GroupCreationTests" tests="2" failures="0" timestamp="9 Oct 2015 18:35:12 GMT" time="3.053" errors="0">
  <testcase name="testNonEmptyGroupCreation" time="1.648" classname="com.example.tests.GroupCreationTests"/>
  <testcase name="testEmptyGroupCreation" time="1.405" classname="com.example.tests.GroupCreationTests"/>
</testsuite> <!-- com.example.tests.GroupCreationTests -->
