<?xml version="1.0" encoding="UTF-8"?>
<!-- Generated by org.testng.reporters.JUnitReportReporter -->
<testsuite hostname="Admin-PC" name="com.example.tests.EmptyGroupCreationTests" tests="1" failures="0" timestamp="9 Oct 2015 18:49:56 GMT" time="1.842" errors="0">
  <testcase name="testEmptyGroupCreation" time="1.842" classname="com.example.tests.EmptyGroupCreationTests"/>
</testsuite> <!-- com.example.tests.EmptyGroupCreationTests -->
